2022-07-20 09:39:14.225 +06:00 [INF] Application Starting up
2022-07-20 09:53:08.056 +06:00 [INF] Application Starting up
2022-07-20 10:42:48.255 +06:00 [INF] Application Starting up
2022-07-20 11:13:45.932 +06:00 [INF] Application Starting up
2022-07-20 11:14:48.278 +06:00 [INF] Application Starting up
2022-07-20 11:15:25.257 +06:00 [ERR] The view 'ManageTest' was not found. Searched locations: ["/Areas/Admin/Views/Hospital/ManageTest.cshtml","/Areas/Admin/Views/Shared/ManageTest.cshtml","/Views/Shared/ManageTest.cshtml","/Pages/Shared/ManageTest.cshtml"]
2022-07-20 11:15:25.285 +06:00 [ERR] An unhandled exception has occurred while executing the request.
System.InvalidOperationException: The view 'ManageTest' was not found. The following locations were searched:
/Areas/Admin/Views/Hospital/ManageTest.cshtml
/Areas/Admin/Views/Shared/ManageTest.cshtml
/Views/Shared/ManageTest.cshtml
/Pages/Shared/ManageTest.cshtml
   at Microsoft.AspNetCore.Mvc.ViewEngines.ViewEngineResult.EnsureSuccessful(IEnumerable`1 originalLocations)
   at Microsoft.AspNetCore.Mvc.ViewFeatures.ViewResultExecutor.ExecuteAsync(ActionContext context, ViewResult result)
   at Microsoft.AspNetCore.Mvc.ViewResult.ExecuteResultAsync(ActionContext context)
   at Microsoft.AspNetCore.Mvc.Infrastructure.ResourceInvoker.<InvokeNextResultFilterAsync>g__Awaited|29_0[TFilter,TFilterAsync](ResourceInvoker invoker, Task lastTask, State next, Scope scope, Object state, Boolean isCompleted)
   at Microsoft.AspNetCore.Mvc.Infrastructure.ResourceInvoker.Rethrow(ResultExecutedContextSealed context)
   at Microsoft.AspNetCore.Mvc.Infrastructure.ResourceInvoker.ResultNext[TFilter,TFilterAsync](State& next, Scope& scope, Object& state, Boolean& isCompleted)
   at Microsoft.AspNetCore.Mvc.Infrastructure.ResourceInvoker.InvokeResultFilters()
--- End of stack trace from previous location ---
   at Microsoft.AspNetCore.Mvc.Infrastructure.ResourceInvoker.<InvokeNextResourceFilter>g__Awaited|24_0(ResourceInvoker invoker, Task lastTask, State next, Scope scope, Object state, Boolean isCompleted)
   at Microsoft.AspNetCore.Mvc.Infrastructure.ResourceInvoker.Rethrow(ResourceExecutedContextSealed context)
   at Microsoft.AspNetCore.Mvc.Infrastructure.ResourceInvoker.Next(State& next, Scope& scope, Object& state, Boolean& isCompleted)
   at Microsoft.AspNetCore.Mvc.Infrastructure.ResourceInvoker.InvokeFilterPipelineAsync()
--- End of stack trace from previous location ---
   at Microsoft.AspNetCore.Mvc.Infrastructure.ResourceInvoker.<InvokeAsync>g__Awaited|17_0(ResourceInvoker invoker, Task task, IDisposable scope)
   at Microsoft.AspNetCore.Routing.EndpointMiddleware.<Invoke>g__AwaitRequestTask|6_0(Endpoint endpoint, Task requestTask, ILogger logger)
   at Microsoft.AspNetCore.Session.SessionMiddleware.Invoke(HttpContext context)
   at Microsoft.AspNetCore.Session.SessionMiddleware.Invoke(HttpContext context)
   at Microsoft.AspNetCore.Authorization.AuthorizationMiddleware.Invoke(HttpContext context)
   at Microsoft.AspNetCore.Authentication.AuthenticationMiddleware.Invoke(HttpContext context)
   at Microsoft.AspNetCore.Diagnostics.EntityFrameworkCore.MigrationsEndPointMiddleware.Invoke(HttpContext context)
   at Microsoft.AspNetCore.Diagnostics.DeveloperExceptionPageMiddleware.Invoke(HttpContext context)
2022-07-20 11:15:25.793 +06:00 [ERR] An exception occurred while calculating the database error page content. Skipping display of the database error page.
System.InvalidOperationException: StatusCode cannot be set because the response has already started.
   at Microsoft.AspNetCore.Server.IIS.Core.IISHttpContext.ThrowResponseAlreadyStartedException(String name)
   at Microsoft.AspNetCore.Server.IIS.Core.IISHttpContext.set_StatusCode(Int32 value)
   at Microsoft.AspNetCore.Server.IIS.Core.IISHttpContext.Microsoft.AspNetCore.Http.Features.IHttpResponseFeature.set_StatusCode(Int32 value)
   at Microsoft.AspNetCore.Http.DefaultHttpResponse.set_StatusCode(Int32 value)
   at Microsoft.AspNetCore.Diagnostics.EntityFrameworkCore.Views.DatabaseErrorPage.ExecuteAsync()
   at Microsoft.Extensions.RazorViews.BaseView.ExecuteAsync(HttpContext context)
   at Microsoft.AspNetCore.Diagnostics.EntityFrameworkCore.DatabaseDeveloperPageExceptionFilter.HandleExceptionAsync(ErrorContext errorContext, Func`2 next)
2022-07-20 11:16:33.282 +06:00 [INF] Application Starting up
2022-07-20 11:20:32.894 +06:00 [INF] Application Starting up
2022-07-20 11:25:00.425 +06:00 [INF] Application Starting up
2022-07-20 11:47:46.293 +06:00 [INF] Application Starting up
2022-07-20 11:59:17.538 +06:00 [INF] Application Starting up
2022-07-20 12:21:27.598 +06:00 [INF] Application Starting up
2022-07-20 20:04:56.418 +06:00 [INF] Application Starting up
2022-07-20 20:18:36.577 +06:00 [INF] Application Starting up
2022-07-20 20:22:56.281 +06:00 [INF] Application Starting up
2022-07-20 20:24:18.551 +06:00 [INF] Application Starting up
2022-07-20 20:31:33.786 +06:00 [INF] Application Starting up
2022-07-20 22:59:32.988 +06:00 [INF] Application Starting up
2022-07-20 23:16:02.243 +06:00 [INF] Application Starting up
2022-07-20 23:17:01.957 +06:00 [INF] Application Starting up
2022-07-20 23:34:29.110 +06:00 [INF] Application Starting up
2022-07-20 23:36:48.348 +06:00 [INF] Application Starting up
2022-07-20 23:39:56.379 +06:00 [INF] Application Starting up
2022-07-20 23:41:44.961 +06:00 [INF] Application Starting up
2022-07-20 23:44:32.640 +06:00 [INF] Application Starting up
