2022-07-18 00:26:07.441 +06:00 [INF] Application Starting up
2022-07-18 09:43:29.335 +06:00 [INF] Application Starting up
2022-07-18 09:49:10.255 +06:00 [INF] Application Starting up
2022-07-18 09:53:50.831 +06:00 [INF] Application Starting up
2022-07-18 09:57:46.547 +06:00 [INF] Application Starting up
2022-07-18 10:00:55.598 +06:00 [INF] Application Starting up
2022-07-18 10:24:12.085 +06:00 [INF] Application Starting up
2022-07-18 10:25:41.089 +06:00 [INF] Application Starting up
2022-07-18 21:39:36.798 +06:00 [INF] Application Starting up
2022-07-18 22:29:31.916 +06:00 [INF] Application Starting up
2022-07-18 22:34:28.967 +06:00 [INF] Application Starting up
2022-07-18 22:39:13.019 +06:00 [INF] Application Starting up
2022-07-18 22:39:39.769 +06:00 [INF] Application Starting up
2022-07-18 22:42:44.716 +06:00 [INF] Application Starting up
2022-07-18 22:44:10.027 +06:00 [INF] Application Starting up
2022-07-18 22:44:54.775 +06:00 [ERR] An unhandled exception has occurred while executing the request.
System.InvalidOperationException: Couldn't find doctor
   at Hospital.Training.Services.DoctorService.UpdateDoctor(Doctor doctor) in C:\Users\User\Desktop\HospitalManagement\HospitalManagement\Hospital.Training\Services\DoctorService.cs:line 117
   at HospitalManagement.Areas.Admin.Models.EditDoctorModel.Update() in C:\Users\User\Desktop\HospitalManagement\HospitalManagement\HospitalManagement\Areas\Admin\Models\EditDoctorModel.cs:line 48
   at HospitalManagement.Areas.Admin.Controllers.HospitalController.Edit(EditDoctorModel model) in C:\Users\User\Desktop\HospitalManagement\HospitalManagement\HospitalManagement\Areas\Admin\Controllers\HospitalController.cs:line 72
   at lambda_method610(Closure , Object , Object[] )
   at Microsoft.AspNetCore.Mvc.Infrastructure.ActionMethodExecutor.SyncActionResultExecutor.Execute(IActionResultTypeMapper mapper, ObjectMethodExecutor executor, Object controller, Object[] arguments)
   at Microsoft.AspNetCore.Mvc.Infrastructure.ControllerActionInvoker.InvokeActionMethodAsync()
   at Microsoft.AspNetCore.Mvc.Infrastructure.ControllerActionInvoker.Next(State& next, Scope& scope, Object& state, Boolean& isCompleted)
   at Microsoft.AspNetCore.Mvc.Infrastructure.ControllerActionInvoker.InvokeNextActionFilterAsync()
--- End of stack trace from previous location ---
   at Microsoft.AspNetCore.Mvc.Infrastructure.ControllerActionInvoker.Rethrow(ActionExecutedContextSealed context)
   at Microsoft.AspNetCore.Mvc.Infrastructure.ControllerActionInvoker.Next(State& next, Scope& scope, Object& state, Boolean& isCompleted)
   at Microsoft.AspNetCore.Mvc.Infrastructure.ControllerActionInvoker.InvokeInnerFilterAsync()
--- End of stack trace from previous location ---
   at Microsoft.AspNetCore.Mvc.Infrastructure.ResourceInvoker.<InvokeNextResourceFilter>g__Awaited|24_0(ResourceInvoker invoker, Task lastTask, State next, Scope scope, Object state, Boolean isCompleted)
   at Microsoft.AspNetCore.Mvc.Infrastructure.ResourceInvoker.Rethrow(ResourceExecutedContextSealed context)
   at Microsoft.AspNetCore.Mvc.Infrastructure.ResourceInvoker.Next(State& next, Scope& scope, Object& state, Boolean& isCompleted)
   at Microsoft.AspNetCore.Mvc.Infrastructure.ResourceInvoker.InvokeFilterPipelineAsync()
--- End of stack trace from previous location ---
   at Microsoft.AspNetCore.Mvc.Infrastructure.ResourceInvoker.<InvokeAsync>g__Awaited|17_0(ResourceInvoker invoker, Task task, IDisposable scope)
   at Microsoft.AspNetCore.Routing.EndpointMiddleware.<Invoke>g__AwaitRequestTask|6_0(Endpoint endpoint, Task requestTask, ILogger logger)
   at Microsoft.AspNetCore.Session.SessionMiddleware.Invoke(HttpContext context)
   at Microsoft.AspNetCore.Session.SessionMiddleware.Invoke(HttpContext context)
   at Microsoft.AspNetCore.Authorization.AuthorizationMiddleware.Invoke(HttpContext context)
   at Microsoft.AspNetCore.Authentication.AuthenticationMiddleware.Invoke(HttpContext context)
   at Microsoft.AspNetCore.Diagnostics.EntityFrameworkCore.MigrationsEndPointMiddleware.Invoke(HttpContext context)
   at Microsoft.AspNetCore.Diagnostics.DeveloperExceptionPageMiddleware.Invoke(HttpContext context)
2022-07-18 22:44:55.387 +06:00 [ERR] An exception occurred while calculating the database error page content. Skipping display of the database error page.
System.InvalidOperationException: StatusCode cannot be set because the response has already started.
   at Microsoft.AspNetCore.Server.IIS.Core.IISHttpContext.ThrowResponseAlreadyStartedException(String name)
   at Microsoft.AspNetCore.Server.IIS.Core.IISHttpContext.set_StatusCode(Int32 value)
   at Microsoft.AspNetCore.Server.IIS.Core.IISHttpContext.Microsoft.AspNetCore.Http.Features.IHttpResponseFeature.set_StatusCode(Int32 value)
   at Microsoft.AspNetCore.Http.DefaultHttpResponse.set_StatusCode(Int32 value)
   at Microsoft.AspNetCore.Diagnostics.EntityFrameworkCore.Views.DatabaseErrorPage.ExecuteAsync()
   at Microsoft.Extensions.RazorViews.BaseView.ExecuteAsync(HttpContext context)
   at Microsoft.AspNetCore.Diagnostics.EntityFrameworkCore.DatabaseDeveloperPageExceptionFilter.HandleExceptionAsync(ErrorContext errorContext, Func`2 next)
2022-07-18 23:02:56.489 +06:00 [INF] Application Starting up
2022-07-18 23:04:15.011 +06:00 [INF] Application Starting up
2022-07-18 23:06:21.065 +06:00 [INF] Application Starting up
2022-07-18 23:12:22.202 +06:00 [INF] Application Starting up
2022-07-18 23:14:05.010 +06:00 [INF] Application Starting up
2022-07-18 23:16:36.824 +06:00 [INF] Application Starting up
2022-07-18 23:36:21.126 +06:00 [INF] Application Starting up
2022-07-18 23:38:26.926 +06:00 [INF] Application Starting up
2022-07-18 23:42:11.167 +06:00 [INF] Application Starting up
2022-07-18 23:42:46.961 +06:00 [INF] Application Starting up
2022-07-18 23:47:02.752 +06:00 [INF] Application Starting up
