2022-08-10 10:04:34.548 +06:00 [INF] Application Starting up
2022-08-10 10:05:53.781 +06:00 [ERR] Add Schedule Failed
AutoMapper.AutoMapperMappingException: Missing type map configuration or unsupported mapping.

Mapping types:
AddScheduleModel -> Schedule
HospitalManagement.Areas.Admin.Models.AddScheduleModel -> Hospital.Training.BusinessObjects.Schedule
   at lambda_method681(Closure , Object , Schedule , ResolutionContext )
   at HospitalManagement.Areas.Admin.Models.AddScheduleModel.AddSchedule() in C:\Users\User\Desktop\HospitalManagement\HospitalManagement\HospitalManagement\HospitalManagement\Areas\Admin\Models\AddScheduleModel.cs:line 41
   at HospitalManagement.Areas.Admin.Controllers.HospitalController.AddSchedule(AddScheduleModel model) in C:\Users\User\Desktop\HospitalManagement\HospitalManagement\HospitalManagement\HospitalManagement\Areas\Admin\Controllers\HospitalController.cs:line 539
2022-08-10 10:07:23.601 +06:00 [INF] Application Starting up
2022-08-10 10:08:23.324 +06:00 [ERR] Add Schedule Failed
AutoMapper.AutoMapperMappingException: Missing type map configuration or unsupported mapping.

Mapping types:
AddScheduleModel -> Schedule
HospitalManagement.Areas.Admin.Models.AddScheduleModel -> Hospital.Training.BusinessObjects.Schedule
   at lambda_method634(Closure , Object , Schedule , ResolutionContext )
   at HospitalManagement.Areas.Admin.Models.AddScheduleModel.AddSchedule() in C:\Users\User\Desktop\HospitalManagement\HospitalManagement\HospitalManagement\HospitalManagement\Areas\Admin\Models\AddScheduleModel.cs:line 41
   at HospitalManagement.Areas.Admin.Controllers.HospitalController.AddSchedule(AddScheduleModel model) in C:\Users\User\Desktop\HospitalManagement\HospitalManagement\HospitalManagement\HospitalManagement\Areas\Admin\Controllers\HospitalController.cs:line 539
2022-08-10 10:09:26.483 +06:00 [INF] Application Starting up
2022-08-10 10:09:49.486 +06:00 [ERR] Add Schedule Failed
AutoMapper.AutoMapperMappingException: Missing type map configuration or unsupported mapping.

Mapping types:
Schedule -> Schedule
Hospital.Training.BusinessObjects.Schedule -> Hospital.Training.Entities.Schedule
   at lambda_method635(Closure , Object , Schedule , ResolutionContext )
   at Hospital.Training.Services.ScheduleService.AddSchedule(Schedule schedule) in C:\Users\User\Desktop\HospitalManagement\HospitalManagement\HospitalManagement\Hospital.Training\Services\ScheduleService.cs:line 33
   at HospitalManagement.Areas.Admin.Models.AddScheduleModel.AddSchedule() in C:\Users\User\Desktop\HospitalManagement\HospitalManagement\HospitalManagement\HospitalManagement\Areas\Admin\Models\AddScheduleModel.cs:line 43
   at HospitalManagement.Areas.Admin.Controllers.HospitalController.AddSchedule(AddScheduleModel model) in C:\Users\User\Desktop\HospitalManagement\HospitalManagement\HospitalManagement\HospitalManagement\Areas\Admin\Controllers\HospitalController.cs:line 539
2022-08-10 10:10:31.895 +06:00 [INF] Application Starting up
2022-08-10 10:10:59.533 +06:00 [ERR] Add Schedule Failed
Microsoft.EntityFrameworkCore.DbUpdateException: An error occurred while updating the entries. See the inner exception for details.
 ---> Microsoft.Data.SqlClient.SqlException (0x80131904): Invalid object name 'Schedules'.
   at Microsoft.Data.SqlClient.SqlConnection.OnError(SqlException exception, Boolean breakConnection, Action`1 wrapCloseInAction)
   at Microsoft.Data.SqlClient.SqlInternalConnection.OnError(SqlException exception, Boolean breakConnection, Action`1 wrapCloseInAction)
   at Microsoft.Data.SqlClient.TdsParser.ThrowExceptionAndWarning(TdsParserStateObject stateObj, Boolean callerHasConnectionLock, Boolean asyncClose)
   at Microsoft.Data.SqlClient.TdsParser.TryRun(RunBehavior runBehavior, SqlCommand cmdHandler, SqlDataReader dataStream, BulkCopySimpleResultSet bulkCopyHandler, TdsParserStateObject stateObj, Boolean& dataReady)
   at Microsoft.Data.SqlClient.SqlDataReader.TryConsumeMetaData()
   at Microsoft.Data.SqlClient.SqlDataReader.get_MetaData()
   at Microsoft.Data.SqlClient.SqlCommand.FinishExecuteReader(SqlDataReader ds, RunBehavior runBehavior, String resetOptionsString, Boolean isInternal, Boolean forDescribeParameterEncryption, Boolean shouldCacheForAlwaysEncrypted)
   at Microsoft.Data.SqlClient.SqlCommand.RunExecuteReaderTds(CommandBehavior cmdBehavior, RunBehavior runBehavior, Boolean returnStream, Boolean isAsync, Int32 timeout, Task& task, Boolean asyncWrite, Boolean inRetry, SqlDataReader ds, Boolean describeParameterEncryptionRequest)
   at Microsoft.Data.SqlClient.SqlCommand.RunExecuteReader(CommandBehavior cmdBehavior, RunBehavior runBehavior, Boolean returnStream, TaskCompletionSource`1 completion, Int32 timeout, Task& task, Boolean& usedCache, Boolean asyncWrite, Boolean inRetry, String method)
   at Microsoft.Data.SqlClient.SqlCommand.RunExecuteReader(CommandBehavior cmdBehavior, RunBehavior runBehavior, Boolean returnStream, String method)
   at Microsoft.Data.SqlClient.SqlCommand.ExecuteReader(CommandBehavior behavior)
   at Microsoft.Data.SqlClient.SqlCommand.ExecuteDbDataReader(CommandBehavior behavior)
   at System.Data.Common.DbCommand.ExecuteReader()
   at Microsoft.EntityFrameworkCore.Storage.RelationalCommand.ExecuteReader(RelationalCommandParameterObject parameterObject)
   at Microsoft.EntityFrameworkCore.Update.ReaderModificationCommandBatch.Execute(IRelationalConnection connection)
ClientConnectionId:96abe0f3-2010-44f4-8345-4591ae03de16
Error Number:208,State:1,Class:16
   --- End of inner exception stack trace ---
   at Microsoft.EntityFrameworkCore.Update.ReaderModificationCommandBatch.Execute(IRelationalConnection connection)
   at Microsoft.EntityFrameworkCore.Update.Internal.BatchExecutor.Execute(IEnumerable`1 commandBatches, IRelationalConnection connection)
   at Microsoft.EntityFrameworkCore.Storage.RelationalDatabase.SaveChanges(IList`1 entries)
   at Microsoft.EntityFrameworkCore.ChangeTracking.Internal.StateManager.SaveChanges(IList`1 entriesToSave)
   at Microsoft.EntityFrameworkCore.ChangeTracking.Internal.StateManager.SaveChanges(DbContext _, Boolean acceptAllChangesOnSuccess)
   at Microsoft.EntityFrameworkCore.SqlServer.Storage.Internal.SqlServerExecutionStrategy.Execute[TState,TResult](TState state, Func`3 operation, Func`3 verifySucceeded)
   at Microsoft.EntityFrameworkCore.ChangeTracking.Internal.StateManager.SaveChanges(Boolean acceptAllChangesOnSuccess)
   at Microsoft.EntityFrameworkCore.DbContext.SaveChanges(Boolean acceptAllChangesOnSuccess)
   at Microsoft.EntityFrameworkCore.DbContext.SaveChanges()
   at Hospital.Data.UnitOfWork.Save() in C:\Users\User\Desktop\HospitalManagement\HospitalManagement\HospitalManagement\Hospital.Data\UnitOfWork.cs:line 15
   at Hospital.Training.Services.ScheduleService.AddSchedule(Schedule schedule) in C:\Users\User\Desktop\HospitalManagement\HospitalManagement\HospitalManagement\Hospital.Training\Services\ScheduleService.cs:line 37
   at HospitalManagement.Areas.Admin.Models.AddScheduleModel.AddSchedule() in C:\Users\User\Desktop\HospitalManagement\HospitalManagement\HospitalManagement\HospitalManagement\Areas\Admin\Models\AddScheduleModel.cs:line 43
   at HospitalManagement.Areas.Admin.Controllers.HospitalController.AddSchedule(AddScheduleModel model) in C:\Users\User\Desktop\HospitalManagement\HospitalManagement\HospitalManagement\HospitalManagement\Areas\Admin\Controllers\HospitalController.cs:line 539
2022-08-10 10:13:42.093 +06:00 [INF] Application Starting up
2022-08-10 10:14:11.143 +06:00 [ERR] Add Schedule Failed
Microsoft.EntityFrameworkCore.DbUpdateException: An error occurred while updating the entries. See the inner exception for details.
 ---> Microsoft.Data.SqlClient.SqlException (0x80131904): Invalid object name 'Schedules'.
   at Microsoft.Data.SqlClient.SqlConnection.OnError(SqlException exception, Boolean breakConnection, Action`1 wrapCloseInAction)
   at Microsoft.Data.SqlClient.SqlInternalConnection.OnError(SqlException exception, Boolean breakConnection, Action`1 wrapCloseInAction)
   at Microsoft.Data.SqlClient.TdsParser.ThrowExceptionAndWarning(TdsParserStateObject stateObj, Boolean callerHasConnectionLock, Boolean asyncClose)
   at Microsoft.Data.SqlClient.TdsParser.TryRun(RunBehavior runBehavior, SqlCommand cmdHandler, SqlDataReader dataStream, BulkCopySimpleResultSet bulkCopyHandler, TdsParserStateObject stateObj, Boolean& dataReady)
   at Microsoft.Data.SqlClient.SqlDataReader.TryConsumeMetaData()
   at Microsoft.Data.SqlClient.SqlDataReader.get_MetaData()
   at Microsoft.Data.SqlClient.SqlCommand.FinishExecuteReader(SqlDataReader ds, RunBehavior runBehavior, String resetOptionsString, Boolean isInternal, Boolean forDescribeParameterEncryption, Boolean shouldCacheForAlwaysEncrypted)
   at Microsoft.Data.SqlClient.SqlCommand.RunExecuteReaderTds(CommandBehavior cmdBehavior, RunBehavior runBehavior, Boolean returnStream, Boolean isAsync, Int32 timeout, Task& task, Boolean asyncWrite, Boolean inRetry, SqlDataReader ds, Boolean describeParameterEncryptionRequest)
   at Microsoft.Data.SqlClient.SqlCommand.RunExecuteReader(CommandBehavior cmdBehavior, RunBehavior runBehavior, Boolean returnStream, TaskCompletionSource`1 completion, Int32 timeout, Task& task, Boolean& usedCache, Boolean asyncWrite, Boolean inRetry, String method)
   at Microsoft.Data.SqlClient.SqlCommand.RunExecuteReader(CommandBehavior cmdBehavior, RunBehavior runBehavior, Boolean returnStream, String method)
   at Microsoft.Data.SqlClient.SqlCommand.ExecuteReader(CommandBehavior behavior)
   at Microsoft.Data.SqlClient.SqlCommand.ExecuteDbDataReader(CommandBehavior behavior)
   at System.Data.Common.DbCommand.ExecuteReader()
   at Microsoft.EntityFrameworkCore.Storage.RelationalCommand.ExecuteReader(RelationalCommandParameterObject parameterObject)
   at Microsoft.EntityFrameworkCore.Update.ReaderModificationCommandBatch.Execute(IRelationalConnection connection)
ClientConnectionId:a936223f-bca6-4b9d-b0d8-e52eec75e8c6
Error Number:208,State:1,Class:16
   --- End of inner exception stack trace ---
   at Microsoft.EntityFrameworkCore.Update.ReaderModificationCommandBatch.Execute(IRelationalConnection connection)
   at Microsoft.EntityFrameworkCore.Update.Internal.BatchExecutor.Execute(IEnumerable`1 commandBatches, IRelationalConnection connection)
   at Microsoft.EntityFrameworkCore.Storage.RelationalDatabase.SaveChanges(IList`1 entries)
   at Microsoft.EntityFrameworkCore.ChangeTracking.Internal.StateManager.SaveChanges(IList`1 entriesToSave)
   at Microsoft.EntityFrameworkCore.ChangeTracking.Internal.StateManager.SaveChanges(DbContext _, Boolean acceptAllChangesOnSuccess)
   at Microsoft.EntityFrameworkCore.SqlServer.Storage.Internal.SqlServerExecutionStrategy.Execute[TState,TResult](TState state, Func`3 operation, Func`3 verifySucceeded)
   at Microsoft.EntityFrameworkCore.ChangeTracking.Internal.StateManager.SaveChanges(Boolean acceptAllChangesOnSuccess)
   at Microsoft.EntityFrameworkCore.DbContext.SaveChanges(Boolean acceptAllChangesOnSuccess)
   at Microsoft.EntityFrameworkCore.DbContext.SaveChanges()
   at Hospital.Data.UnitOfWork.Save() in C:\Users\User\Desktop\HospitalManagement\HospitalManagement\HospitalManagement\Hospital.Data\UnitOfWork.cs:line 15
   at Hospital.Training.Services.ScheduleService.AddSchedule(Schedule schedule) in C:\Users\User\Desktop\HospitalManagement\HospitalManagement\HospitalManagement\Hospital.Training\Services\ScheduleService.cs:line 37
   at HospitalManagement.Areas.Admin.Models.AddScheduleModel.AddSchedule() in C:\Users\User\Desktop\HospitalManagement\HospitalManagement\HospitalManagement\HospitalManagement\Areas\Admin\Models\AddScheduleModel.cs:line 43
   at HospitalManagement.Areas.Admin.Controllers.HospitalController.AddSchedule(AddScheduleModel model) in C:\Users\User\Desktop\HospitalManagement\HospitalManagement\HospitalManagement\HospitalManagement\Areas\Admin\Controllers\HospitalController.cs:line 539
2022-08-10 10:49:59.549 +06:00 [INF] Application Starting up
2022-08-10 10:55:11.540 +06:00 [INF] Application Starting up
2022-08-10 10:58:04.644 +06:00 [INF] Application Starting up
2022-08-10 10:59:53.266 +06:00 [INF] Application Starting up
2022-08-10 11:01:23.828 +06:00 [INF] Application Starting up
2022-08-10 11:02:24.443 +06:00 [INF] User logged in.
2022-08-10 11:03:27.081 +06:00 [INF] Application Starting up
2022-08-10 11:05:01.184 +06:00 [INF] User logged in.
2022-08-10 11:34:45.816 +06:00 [INF] Application Starting up
